"../../../../../../DreamHackJam2019/Content/VehicleAdv/Sound/Engine_Speed_01_Loop.uasset" 0
"../../../../../../DreamHackJam2019/Content/VehicleAdv/Sound/Engine_Speed_03_Loop.uasset" 1
"../../../../../../DreamHackJam2019/Content/VehicleAdv/Sound/Engine_Speed_05_Loop.uasset" 2
"../../../../../../DreamHackJam2019/Content/VehicleAdv/Vehicle/VehicleSkeleton.uasset" 3
"../../../../../../DreamHackJam2019/Content/VehicleAdv/Vehicle/VehicleAnimationBlueprint.uasset" 4
"../../../../../../DreamHackJam2019/Content/VehicleAdv/PhysicsMaterials/NonSlippery.uasset" 5
"../../../../../../DreamHackJam2019/Content/VehicleAdv/PhysicsMaterials/Slippery.uasset" 6
"../../../../../../DreamHackJam2019/Content/VehicleAdv/Vehicle/WheelData/Vehicle_BackTireConfig.uasset" 7
"../../../../../../DreamHackJam2019/Content/VehicleAdvBP/Blueprints/WheelData/WheelBack.uasset" 8
"../../../../../../DreamHackJam2019/Content/VehicleAdv/Vehicle/WheelData/Vehicle_FrontTireConfig.uasset" 9
"../../../../../../DreamHackJam2019/Content/VehicleAdvBP/Blueprints/WheelData/WheelFront.uasset" 10
"../../../Engine/Content/EngineFonts/RobotoDistanceField.uasset" 11
"../../../Engine/Content/Functions/Engine_MaterialFunctions03/Procedurals/ComputeFilterWidth.uasset" 12
"../../../Engine/Content/EngineMaterials/AntiAliasedTextMaterialTranslucent.uasset" 13
"../../../../../../DreamHackJam2019/Content/StarterContent/Audio/Explosion01.uasset" 14
"../../../../../../DreamHackJam2019/Content/VehicleAdv/Sound/Engine_att.uasset" 15
"../../../../../../DreamHackJam2019/Content/VehicleAdv/Sound/Engine_Loop_Cue.uasset" 16
"../../../../../../DreamHackJam2019/Content/VehicleAdv/Materials/Fixed_Template_Master.uasset" 17
"../../../../../../DreamHackJam2019/Content/VehicleAdv/Materials/MaterialInstances/Template_BaseBlue.uasset" 18
"../../../../../../DreamHackJam2019/Content/VehicleAdv/Vehicle/VehiclePhysicsAsset.uasset" 19
"../../../../../../DreamHackJam2019/Content/VehicleAdv/Vehicle/Vehicle_SkelMesh.uasset" 20
"../../../../../../DreamHackJam2019/Content/VehicleAdvBP/Blueprints/VehicleBlueprint.uasset" 21
"../../../../../../DreamHackJam2019/Content/VehicleAdvBP/Blueprints/VehicleAdvHud.uasset" 22
"../../../../../../DreamHackJam2019/Content/VehicleAdvBP/Blueprints/VehicleAdvGameMode.uasset" 23
"../../../Engine/Content/Animation/DefaultAnimCurveCompressionSettings.uasset" 24
"../../../Engine/Content/Functions/Engine_MaterialFunctions01/Opacity/CameraDepthFade.uasset" 25
"../../../Engine/Content/EngineMaterials/T_Default_Material_Grid_M.uasset" 26
"../../../Engine/Content/EngineMaterials/T_Default_Material_Grid_N.uasset" 27
"../../../Engine/Content/EngineMaterials/WorldGridMaterial.uasset" 28
"../../../Engine/Content/ArtTools/RenderToTexture/Meshes/S_1_Unit_Plane.uasset" 29
"../../../Engine/Content/BasicShapes/Cube.uasset" 30
"../../../Engine/Content/EngineMaterials/DefaultMaterial.uasset" 31
"../../../Engine/Content/BasicShapes/Cylinder.uasset" 32
"../../../Engine/Content/BasicShapes/Plane.uasset" 33
"../../../Engine/Content/BasicShapes/Sphere.uasset" 34
"../../../Engine/Content/EditorLandscapeResources/DataLayer.uasset" 35
"../../../Engine/Content/EditorMaterials/GizmoMaterial.uasset" 36
"../../../Engine/Content/EditorMaterials/MAT_Groups_Toggle.uasset" 37
"../../../Engine/Content/EditorMaterials/MAT_Groups_Visibility.uasset" 38
"../../../Engine/Content/EditorMaterials/PreviewShadowIndicator.uasset" 39
"../../../Engine/Content/EditorMaterials/PreviewShadowIndicatorMaterial.uasset" 40
"../../../Engine/Content/EditorMaterials/MatineeGroups/MAT_ColorTrack.uasset" 41
"../../../Engine/Content/EditorMaterials/MatineeGroups/MAT_Groups_Anim.uasset" 42
"../../../Engine/Content/EditorMaterials/MatineeGroups/MAT_Groups_AudioMaster.uasset" 43
"../../../Engine/Content/EditorMaterials/MatineeGroups/MAT_Groups_Director.uasset" 44
"../../../Engine/Content/EditorMaterials/MatineeGroups/MAT_Groups_Event.uasset" 45
"../../../Engine/Content/EditorMaterials/MatineeGroups/MAT_Groups_Fade.uasset" 46
"../../../Engine/Content/EditorMaterials/MatineeGroups/MAT_Groups_Float.uasset" 47
"../../../Engine/Content/EditorMaterials/MatineeGroups/MAT_Groups_Move.uasset" 48
"../../../Engine/Content/EditorMaterials/MatineeGroups/MAT_Groups_Slomo.uasset" 49
"../../../Engine/Content/EditorMaterials/MatineeGroups/MAT_Groups_Sound.uasset" 50
"../../../Engine/Content/EditorMaterials/MatineeGroups/MAT_Groups_Vector.uasset" 51
"../../../Engine/Content/EditorMaterials/ParticleSystems/PSysThumbnail_NoImage.uasset" 52
"../../../Engine/Content/EditorMaterials/ParticleSystems/PSysThumbnail_OOD.uasset" 53
"../../../Engine/Content/EditorMaterials/Camera/CineMat.uasset" 54
"../../../Engine/Content/EditorMaterials/Camera/MI_CineMat_Rig.uasset" 55
"../../../Engine/Content/EditorMeshes/Camera/SM_CraneRig_Arm.uasset" 56
"../../../Engine/Content/EditorMeshes/Camera/SM_CraneRig_Base.uasset" 57
"../../../Engine/Content/EditorMeshes/Camera/SM_CraneRig_Body.uasset" 58
"../../../Engine/Content/EditorMeshes/Camera/SM_CraneRig_Mount.uasset" 59
"../../../Engine/Content/EditorMeshes/Camera/SM_RailRig_Mount.uasset" 60
"../../../Engine/Content/EditorMeshes/Camera/SM_RailRig_Track.uasset" 61
"../../../Engine/Content/EditorResources/BSPVertex.uasset" 62
"../../../Engine/Content/EditorResources/EmptyActor.uasset" 63
"../../../Engine/Content/EditorResources/S_Actor.uasset" 64
"../../../Engine/Content/EditorResources/S_Note.uasset" 65
"../../../Engine/Content/EditorResources/S_Trigger.uasset" 66
"../../../Engine/Content/EditorResources/AudioIcons/S_AudioComponent_AutoActivate.uasset" 67
"../../../Engine/Content/EditorResources/SequenceRecorder/Countdown.uasset" 68
"../../../Engine/Content/EditorResources/SequenceRecorder/RecordingIndicator.uasset" 69
"../../../Engine/Content/EditorSounds/Notifications/CompileFailed.uasset" 70
"../../../Engine/Content/EditorSounds/Notifications/CompileFailed_Cue.uasset" 71
"../../../Engine/Content/EditorSounds/Notifications/CompileSuccess.uasset" 72
"../../../Engine/Content/EditorSounds/Notifications/CompileStart_Cue.uasset" 73
"../../../Engine/Content/EditorSounds/Notifications/CompileSuccess_Cue.uasset" 74
"../../../Engine/Content/EngineDamageTypes/DmgTypeBP_Environmental.uasset" 75
"../../../Engine/Content/EngineDebugMaterials/HeatmapGradient.uasset" 76
"../../../Engine/Content/EngineDebugMaterials/BoneWeightMaterial.uasset" 77
"../../../Engine/Content/EngineDebugMaterials/ClothMaterial.uasset" 78
"../../../Engine/Content/EngineDebugMaterials/ClothMaterial_WF.uasset" 79
"../../../Engine/Content/EngineDebugMaterials/DebugEditorMaterial.uasset" 80
"../../../Engine/Content/EngineDebugMaterials/DebugMeshMaterial.uasset" 81
"../../../Engine/Content/EngineDebugMaterials/GeomMaterial.uasset" 82
"../../../Engine/Content/EngineDebugMaterials/M_SimpleTranslucent.uasset" 83
"../../../Engine/Content/EngineFonts/Faces/RobotoBold.uasset" 84
"../../../Engine/Content/EngineFonts/Faces/RobotoBoldItalic.uasset" 85
"../../../Engine/Content/EngineFonts/Faces/RobotoItalic.uasset" 86
"../../../Engine/Content/EngineFonts/Faces/RobotoLight.uasset" 87
"../../../Engine/Content/EngineFonts/Faces/RobotoRegular.uasset" 88
"../../../Engine/Content/EngineFonts/Roboto.uasset" 89
"../../../Engine/Content/EngineFonts/Faces/RobotoTiny.uasset" 90
"../../../Engine/Content/EngineFonts/RobotoTiny.uasset" 91
"../../../Engine/Content/EngineMaterials/BaseFlattenDiffuseMap.uasset" 92
"../../../Engine/Content/EngineMaterials/BaseFlattenEmissiveMap.uasset" 93
"../../../Engine/Content/EngineMaterials/BaseFlattenGrayscaleMap.uasset" 94
"../../../Engine/Content/EngineMaterials/BaseFlattenNormalMap.uasset" 95
"../../../Engine/Content/EngineMaterials/BaseFlattenMaterial.uasset" 96
"../../../Engine/Content/EngineMaterials/DefaultBloomKernel.uasset" 97
"../../../Engine/Content/EngineMaterials/DefaultBokeh.uasset" 98
"../../../Engine/Content/EngineMaterials/DefaultDiffuse.uasset" 99
"../../../Engine/Content/EngineMaterials/DefaultDeferredDecalMaterial.uasset" 100
"../../../Engine/Content/EngineMaterials/DefaultLightFunctionMaterial.uasset" 101
"../../../Engine/Content/EngineMaterials/DefaultPhysicalMaterial.uasset" 102
"../../../Engine/Content/Functions/Engine_MaterialFunctions02/Utility/BreakOutFloat2Components.uasset" 103
"../../../Engine/Content/EngineMaterials/DefaultPostProcessMaterial.uasset" 104
"../../../Engine/Content/EngineMaterials/DefaultTextMaterialOpaque.uasset" 105
"../../../Engine/Content/EngineMaterials/DefaultWhiteGrid.uasset" 106
"../../../Engine/Content/EngineMaterials/EditorBrushMaterial.uasset" 107
"../../../Engine/Content/EngineMaterials/Good64x64TilingNoiseHighFreq.uasset" 108
"../../../Engine/Content/EngineMaterials/MiniFont.uasset" 109
"../../../Engine/Content/EngineMaterials/InvalidLightmapSettings.uasset" 110
"../../../Engine/Content/EngineMaterials/M_InvalidLightmapSettings.uasset" 111
"../../../Engine/Content/Functions/Engine_MaterialFunctions02/WorldPositionOffset/CameraOffset.uasset" 112
"../../../Engine/Content/EngineMaterials/PhAT_JointLimitMaterial.uasset" 113
"../../../Engine/Content/EngineMaterials/PreintegratedSkinBRDF.uasset" 114
"../../../Engine/Content/EngineMaterials/RemoveSurfaceMaterial.uasset" 115
"../../../Engine/Content/EngineMaterials/WeightMapPlaceholderTexture.uasset" 116
"../../../Engine/Content/EngineResources/WhiteSquareTexture.uasset" 117
"../../../Engine/Content/EngineMaterials/Widget3DPassThrough.uasset" 118
"../../../Engine/Content/EngineMaterials/Widget3DPassThrough_Masked.uasset" 119
"../../../Engine/Content/EngineMaterials/Widget3DPassThrough_Opaque.uasset" 120
"../../../Engine/Content/EngineMaterials/Widget3DPassThrough_Masked_OneSided.uasset" 121
"../../../Engine/Content/EngineMaterials/Widget3DPassThrough_Opaque_OneSided.uasset" 122
"../../../Engine/Content/EngineMaterials/Widget3DPassThrough_Translucent.uasset" 123
"../../../Engine/Content/EngineMaterials/Widget3DPassThrough_Translucent_OneSided.uasset" 124
"../../../Engine/Content/EngineMeshes/Cylinder.uasset" 125
"../../../Engine/Content/EngineMeshes/Sphere.uasset" 126
"../../../Engine/Content/EngineResources/Black.uasset" 127
"../../../Engine/Content/EngineResources/DefaultTexture.uasset" 128
"../../../Engine/Content/EngineResources/DefaultTextureCube.uasset" 129
"../../../Engine/Content/EngineResources/DefaultVolumeTexture2D.uasset" 130
"../../../Engine/Content/EngineResources/DefaultVolumeTexture.uasset" 131
"../../../Engine/Content/EngineResources/GradientTexture0.uasset" 132
"../../../Engine/Content/EngineSounds/Master.uasset" 133
"../../../Engine/Content/Functions/Engine_MaterialFunctions01/Shading/ConvertFromDiffSpec.uasset" 134
"../../../Engine/Content/Functions/Engine_MaterialFunctions01/Shading/PowerToRoughness.uasset" 135
"../../../Engine/Content/Maps/Templates/Thumbnails/Default.uasset" 136
"../../../Engine/Content/Maps/Templates/Thumbnails/VR-Basic.uasset" 137
"../../../Engine/Content/MobileResources/T_MobileControls_texture.uasset" 138
"../../../Engine/Content/MobileResources/T_MobileMenu2.uasset" 139
"../../../Engine/Content/MobileResources/HUD/AnalogHat.uasset" 140
"../../../Engine/Content/MobileResources/HUD/VirtualJoystick_Background.uasset" 141
"../../../Engine/Content/MobileResources/HUD/VirtualJoystick_Thumb.uasset" 142
"../../../Engine/Content/MobileResources/HUD/DefaultVirtualJoysticks.uasset" 143
"../../../Engine/Content/MobileResources/HUD/LeftVirtualJoystickOnly.uasset" 144
"../../../Engine/Content/MobileResources/HUD/MobileHUDButton1_off.uasset" 145
"../../../Engine/Content/MobileResources/HUD/MobileHUDButton1_on.uasset" 146
"../../../Engine/Content/MobileResources/HUD/MobileHUDButton2_off.uasset" 147
"../../../Engine/Content/MobileResources/HUD/MobileHUDButton2_on.uasset" 148
"../../../Engine/Content/MobileResources/HUD/MobileHUDButton3.uasset" 149
"../../../Engine/Content/MobileResources/HUD/MobileHUDButtonFire.uasset" 150
"../../../Engine/Content/MobileResources/HUD/MobileHUDDirectionPad.uasset" 151
"../../../Engine/Content/MobileResources/HUD/MobileHUDDirectionPad2.uasset" 152
"../../../Engine/Content/MobileResources/HUD/MobileHUDDirectionPad3.uasset" 153
"../../../Engine/Content/MobileResources/HUD/MobileHUDDirectionStick.uasset" 154
"../../../Engine/Content/MobileResources/HUD/T_Castle_ThumbstickInner.uasset" 155
"../../../Engine/Content/MobileResources/HUD/T_Castle_ThumbstickOutter.uasset" 156
"../../../Engine/Content/Tutorial/ContentIntroCurve.uasset" 157
"../../../Engine/Content/Tutorial/Basics/LevelEditorAttract.uasset" 158
"../../../Engine/Content/VREditor/LaserPointer/VR_LaserPower_01.uasset" 159
"../../../Engine/Content/VREditor/TransformGizmo/TransformGizmoMaterial.uasset" 160
"../../../Engine/Content/VREditor/TransformGizmo/TranslucentTransformGizmoMaterial.uasset" 161
"../../../Engine/Content/VREditor/TransformGizmo/BoundingBoxCorner.uasset" 162
"../../../Engine/Content/VREditor/TransformGizmo/BoundingBoxEdge.uasset" 163
"../../../Engine/Content/VREditor/TransformGizmo/PlaneTranslationHandle.uasset" 164
"../../../Engine/Content/VREditor/TransformGizmo/Main.uasset" 165
"../../../Engine/Content/VREditor/TransformGizmo/Xray.uasset" 166
"../../../Engine/Content/VREditor/TransformGizmo/SM_Sequencer_Key.uasset" 167
"../../../Engine/Content/VREditor/TransformGizmo/SM_Sequencer_Node.uasset" 168
"../../Plugins/2D/Paper2D/Content/PlaceholderTextures/DummySpriteTexture.uasset" 169
"../../Plugins/2D/Paper2D/Content/DummySprite.uasset" 170
"../../Plugins/2D/Paper2D/Content/DefaultPaperTerrainMaterial.uasset" 171
"../../Plugins/2D/Paper2D/Content/DummySpriteTexture.uasset" 172
"../../Plugins/2D/Paper2D/Content/DefaultSpriteMaterial.uasset" 173
"../../Plugins/2D/Paper2D/Content/MaskedUnlitSpriteMaterial.uasset" 174
"../../Plugins/2D/Paper2D/Content/OpaqueUnlitSpriteMaterial.uasset" 175
"../../Plugins/Runtime/Oculus/OculusVR/Content/OculusMR_RenderTarget.uasset" 176
"../../../Engine/Content/Functions/Engine_MaterialFunctions02/Utility/BreakOutFloat4Components.uasset" 177
"../../../Engine/Content/Functions/Engine_MaterialFunctions02/Utility/MakeFloat2.uasset" 178
"../../../Engine/Content/Functions/Engine_MaterialFunctions02/Utility/MakeFloat3.uasset" 179
"../../Plugins/Runtime/Oculus/OculusVR/Content/Materials/OculusMR_ChromaKey.uasset" 180
"../../Plugins/Runtime/Oculus/OculusVR/Content/Materials/OculusMR_ChromaKey_Lit.uasset" 181
"../../Plugins/Runtime/Oculus/OculusVR/Content/Materials/OculusMR_OpaqueColoredMaterial.uasset" 182
"../../Plugins/Runtime/Oculus/OculusVR/Content/Materials/OculusMR_WhiteMaterial.uasset" 183
"../../Plugins/Runtime/Oculus/OculusVR/Content/Materials/PokeAHoleMaterial.uasset" 184
"../../Plugins/Runtime/Oculus/OculusVR/Content/Textures/GearVRController_AO.uasset" 185
"../../Plugins/Runtime/Oculus/OculusVR/Content/Textures/GearVRController_Color.uasset" 186
"../../Plugins/Runtime/Oculus/OculusVR/Content/Textures/GearVRController_Normal.uasset" 187
"../../Plugins/Runtime/Oculus/OculusVR/Content/Materials/GearVRControllerMaterial.uasset" 188
"../../Plugins/Runtime/Oculus/OculusVR/Content/Meshes/GearVrController.uasset" 189
"../../Plugins/Runtime/Oculus/OculusVR/Content/Textures/touchController_albedo.uasset" 190
"../../Plugins/Runtime/Oculus/OculusVR/Content/Textures/touchController_controlmap.uasset" 191
"../../Plugins/Runtime/Oculus/OculusVR/Content/Materials/touchController_mat.uasset" 192
"../../Plugins/Runtime/Oculus/OculusVR/Content/Meshes/LeftTouchController.uasset" 193
"../../Plugins/Runtime/Oculus/OculusVR/Content/Meshes/RiftHMD.uasset" 194
"../../Plugins/Runtime/Oculus/OculusVR/Content/Meshes/RightTouchController.uasset" 195
"../../../Engine/Content/EditorBlueprintResources/StandardMacros.uasset" 196
"../../../../../../DreamHackJam2019/Content/GameJamKit/Blueprints/BP_GameJamKit_HUD_Interface.uasset" 197
"../../../../../../DreamHackJam2019/Content/GameJamKit/Textures/Utility/UE4_Logo.uasset" 198
"../../../../../../DreamHackJam2019/Content/GameJamKit/Blueprints/UMG/Materials/M_UMG_LogoMaterial.uasset" 199
"../../../../../../DreamHackJam2019/Content/GameJamKit/Blueprints/UMG/UMG_GameJam_LoadingScreen_Widget.uasset" 200
"../../../../../../DreamHackJam2019/Content/GameJamKit/Blueprints/UMG/Base/UMG_GameJam_Button_Base.uasset" 201
"../../../../../../DreamHackJam2019/Content/line.uasset" 202
"../../../../../../DreamHackJam2019/Content/xbox-controller-scheme-hi.uasset" 203
"../../../../../../DreamHackJam2019/Content/GameJamKit/Blueprints/UMG/UMG_GameJam_MainMenu_Widget.uasset" 204
"../../../../../../DreamHackJam2019/Content/GameJamKit/Blueprints/BP_GameJamKit_MainMenu_HUD.uasset" 205
"../../../../../../DreamHackJam2019/Content/Blueprints/MenuGameMode.uasset" 206
"../../../../../../DreamHackJam2019/Content/MenuLevel.umap" 207
"../../../../../../DreamHackJam2019/Content/Light_Source_Blueprint.uasset" 208
"../../../../../../DreamHackJam2019/Content/Material_001.uasset" 209
"../../../../../../DreamHackJam2019/Content/Shys_Spiegelei2__blinn.uasset" 210
"../../../../../../DreamHackJam2019/Content/betteranda_Shys_Spiegelei2_.uasset" 211
"../../../../../../DreamHackJam2019/Content/Egg_Frying_in_Pan_Sound__Household_Sound_Effects_.uasset" 212
"../../../../../../DreamHackJam2019/Content/betteranda_Shys_Spiegelei2_2_Blueprint.uasset" 213
"../../../../../../DreamHackJam2019/Content/group_0_-13947343Mat.uasset" 214
"../../../../../../DreamHackJam2019/Content/tinker_group_0_-13947343.uasset" 215
"../../../../../../DreamHackJam2019/Content/group_0_-328966Mat.uasset" 216
"../../../../../../DreamHackJam2019/Content/tinker_group_0_-328966.uasset" 217
"../../../../../../DreamHackJam2019/Content/andaman.uasset" 218
"../../../Engine/Content/BasicShapes/BasicShapeMaterial.uasset" 219
"../../../Engine/Content/BasicShapes/Cone.uasset" 220
"../../../../../../DreamHackJam2019/Content/VehicleAdv/ArenaMesh/EnemySpawner.uasset" 221
"../../../../../../DreamHackJam2019/Content/VehicleAdvBP/Maps/FINAL_TRACK_BuiltData.uasset" 222
"../../../../../../DreamHackJam2019/Content/Geometry/Meshes/CubeMaterial.uasset" 223
"../../../../../../DreamHackJam2019/Content/StarterContent/Textures/T_MacroVariation.uasset" 224
"../../../../../../DreamHackJam2019/Content/StarterContent/Textures/T_Tech_Hex_Tile_M.uasset" 225
"../../../../../../DreamHackJam2019/Content/StarterContent/Textures/T_Tech_Hex_Tile_N.uasset" 226
"../../../../../../DreamHackJam2019/Content/StarterContent/Materials/M_Tech_Hex_Tile_Pulse.uasset" 227
"../../../../../../DreamHackJam2019/Content/Dynatron_-_Pulse_Power.uasset" 228
"../../../../../../DreamHackJam2019/Content/testObject1.uasset" 229
"../../../../../../DreamHackJam2019/Content/palette.uasset" 230
"../../../../../../DreamHackJam2019/Content/SM_MERGED_testObject_2.uasset" 231
"../../../../../../DreamHackJam2019/Content/testObject.uasset" 232
"../../../../../../DreamHackJam2019/Content/VehicleAdv/Materials/MasterSolidColor.uasset" 233
"../../../../../../DreamHackJam2019/Content/VehicleAdv/Materials/MaterialInstances/SolidOrange.uasset" 234
"../../../../../../DreamHackJam2019/Content/VehicleAdv/ArenaMesh/LoopBig.uasset" 235
"../../../../../../DreamHackJam2019/Content/VehicleAdv/ArenaMesh/RampLarge.uasset" 236
"../../../Engine/Content/EngineMaterials/Grid.uasset" 237
"../../../../../../DreamHackJam2019/Content/VehicleAdv/Materials/MasterGrid.uasset" 238
"../../../../../../DreamHackJam2019/Content/VehicleAdv/Materials/MaterialInstances/BlackGrid.uasset" 239
"../../../../../../DreamHackJam2019/Content/VehicleAdv/Materials/MaterialInstances/RedGrid.uasset" 240
"../../../../../../DreamHackJam2019/Content/VehicleAdv/ArenaMesh/StraightFull.uasset" 241
"../../../../../../DreamHackJam2019/Content/VehicleAdv/Materials/MaterialInstances/SolidRed.uasset" 242
"../../../../../../DreamHackJam2019/Content/VehicleAdv/ArenaMesh/Turn_45.uasset" 243
"../../../../../../DreamHackJam2019/Content/VehicleAdv/ArenaMesh/Turn_90.uasset" 244
"../../../../../../DreamHackJam2019/Content/VehicleAdvBP/Maps/FINAL_TRACK.umap" 245
"../../../Engine/Content/Maps/Entry_BuiltData.uasset" 246
"../../../Engine/Content/Maps/Entry.umap" 247
